<?xml version="1.0" encoding="UTF-8"?>
<!-- Generated by org.testng.reporters.JUnitReportReporter -->
<testsuite hostname="HSC-J33TZF2" failures="0" tests="1" name="com.icin.bank.AdminPortalPositiveTest" time="20.554" errors="0" timestamp="12 May 2021 08:27:39 GMT" skipped="0">
  <testcase classname="com.icin.bank.AdminPortalPositiveTest" name="loginTest" time="20.554"/>
</testsuite> <!-- com.icin.bank.AdminPortalPositiveTest -->
