<?xml version="1.0" encoding="UTF-8"?>
<!-- Generated by org.testng.reporters.JUnitReportReporter -->
<testsuite hostname="HSC-J33TZF2" failures="0" tests="4" name="com.icin.bank.UserPortalPositiveTests" time="73.802" errors="0" timestamp="13 May 2021 08:58:52 GMT" skipped="0">
  <testcase classname="com.icin.bank.UserPortalPositiveTests" name="TransactionTest" time="18.260"/>
  <testcase classname="com.icin.bank.UserPortalPositiveTests" name="ChequeBookTest" time="18.788"/>
  <testcase classname="com.icin.bank.UserPortalPositiveTests" name="TransferTest" time="18.531"/>
  <testcase classname="com.icin.bank.UserPortalPositiveTests" name="loginTest" time="18.223"/>
</testsuite> <!-- com.icin.bank.UserPortalPositiveTests -->
