<?xml version="1.0" encoding="UTF-8"?>
<!-- Generated by org.testng.reporters.JUnitReportReporter -->
<testsuite hostname="HSC-J33TZF2" failures="0" tests="3" name="com.icin.bank.AdminPortalPositiveTests" time="54.094" errors="0" timestamp="13 May 2021 08:58:52 GMT" skipped="0">
  <testcase classname="com.icin.bank.AdminPortalPositiveTests" name="loginTest" time="15.863"/>
  <testcase classname="com.icin.bank.AdminPortalPositiveTests" name="diableUserTest" time="18.047"/>
  <testcase classname="com.icin.bank.AdminPortalPositiveTests" name="enableUserTest" time="20.184"/>
</testsuite> <!-- com.icin.bank.AdminPortalPositiveTests -->
