<?xml version="1.0" encoding="UTF-8"?>
<!-- Generated by org.testng.reporters.JUnitReportReporter -->
<testsuite hostname="HSC-J33TZF2" failures="0" tests="3" name="com.icin.bank.UserPortalNegativeTests" time="25.681" errors="0" timestamp="13 May 2021 08:58:52 GMT" skipped="0">
  <testcase classname="com.icin.bank.UserPortalNegativeTests" name="incorrectUsernameTest" time="8.749"/>
  <testcase classname="com.icin.bank.UserPortalNegativeTests" name="emptyUsernameAndPasswordTest" time="9.618"/>
  <testcase classname="com.icin.bank.UserPortalNegativeTests" name="incorrectPasswordTest" time="7.314"/>
</testsuite> <!-- com.icin.bank.UserPortalNegativeTests -->
